Arguments: 
  /usr/local/bin/node /usr/local/bin/yarn add flow:typed react

PATH: 
  /usr/local/bin:/usr/bin:/bin:/usr/sbin:/sbin:/usr/local/sbin

Yarn version: 
  1.9.4

Node version: 
  8.11.3

Platform: 
  darwin x64

Trace: 
  Error: flow:typed: Invalid protocol: flow:
      at Request.module.exports.Request.init (/usr/local/lib/node_modules/yarn/lib/cli.js:137737:31)
      at new Request (/usr/local/lib/node_modules/yarn/lib/cli.js:137410:8)
      at request (/usr/local/lib/node_modules/yarn/lib/cli.js:126685:10)
      at RequestManager.execute (/usr/local/lib/node_modules/yarn/lib/cli.js:64254:15)
      at RequestManager.shiftQueue (/usr/local/lib/node_modules/yarn/lib/cli.js:64281:10)
      at /usr/local/lib/node_modules/yarn/lib/cli.js:64032:13
      at new Promise (<anonymous>)
      at new F (/usr/local/lib/node_modules/yarn/lib/cli.js:23624:28)
      at RequestManager.request (/usr/local/lib/node_modules/yarn/lib/cli.js:64030:19)
      at NpmRegistry.request (/usr/local/lib/node_modules/yarn/lib/cli.js:33715:32)

npm manifest: 
  {
    "name": "common",
    "version": "1.0.0",
    "description": "",
    "main": "index.js",
    "scripts": {
      "test": "echo \"Error: no test specified\" && exit 1"
    },
    "author": "",
    "license": "ISC"
  }

yarn manifest: 
  No manifest

Lockfile: 
  No lockfile
